<?xml version="1.0" encoding="UTF-8"?>
<Site BuildName="(empty)"
	BuildStamp="20250223-1829-Experimental"
	Name="mocha"
	Generator="ctest-3.28.3"
	CompilerName="/usr/bin/g++"
	CompilerVersion="13.2.0"
	OSName="Linux"
	Hostname="mocha"
	OSRelease="6.9.3-76060903-generic"
	OSVersion="#202405300957~1722440358~24.04~aa0a43f~dev-Ubuntu SMP PREEMPT_DY"
	OSPlatform="x86_64"
	Is64Bits="1"
	VendorString="GenuineIntel"
	VendorID="Intel Corporation"
	FamilyID="6"
	ModelID="183"
	ProcessorCacheSize="36864"
	NumberOfLogicalCPU="32"
	NumberOfPhysicalCPU="24"
	TotalVirtualMemory="8191"
	TotalPhysicalMemory="64140"
	LogicalProcessorsPerPhysical="1"
	ProcessorClockFrequency="800"
	>
	<Testing>
		<StartDateTime>Feb 23 12:29 CST</StartDateTime>
		<StartTestTime>1740335397</StartTestTime>
		<TestList/>
		<EndDateTime>Feb 23 12:29 CST</EndDateTime>
		<EndTestTime>1740335397</EndTestTime>
		<ElapsedMinutes>0</ElapsedMinutes>
	</Testing>
</Site>
